[2022-11-04T21:15:26.059] [DEBUG] cheese - login => username:zs,password:123
[2022-11-04T21:15:26.065] [DEBUG] cheese - zs
[2022-11-04T21:15:26.099] [DEBUG] cheese - null
[2022-11-04T21:15:26.100] [DEBUG] cheese - null
[2022-11-04T21:16:04.995] [DEBUG] cheese - login => username:admin,password:123456
[2022-11-04T21:16:04.995] [DEBUG] cheese - admin
[2022-11-04T21:16:05.000] [DEBUG] cheese - null
[2022-11-04T21:16:05.000] [DEBUG] cheese - null
[2022-11-06T14:33:25.938] [DEBUG] cheese - login => username:zs,password:123
[2022-11-06T14:33:25.940] [DEBUG] cheese - zs
[2022-11-06T14:33:25.959] [DEBUG] cheese - null
[2022-11-06T14:33:25.960] [DEBUG] cheese - null
[2022-11-06T22:56:25.105] [DEBUG] cheese - login => username:111111,password:111111
[2022-11-06T22:56:25.107] [DEBUG] cheese - 111111
[2022-11-06T22:56:25.136] [DEBUG] cheese - null
[2022-11-06T22:56:25.136] [DEBUG] cheese - null
[2022-11-06T22:59:23.429] [DEBUG] cheese - login => username:111111,password:111111
[2022-11-06T22:59:23.430] [DEBUG] cheese - 111111
[2022-11-06T22:59:23.435] [DEBUG] cheese - null
[2022-11-06T22:59:23.435] [DEBUG] cheese - null
[2022-11-06T23:00:23.786] [DEBUG] cheese - login => username:111111,password:111111
[2022-11-06T23:00:23.787] [DEBUG] cheese - 111111
[2022-11-06T23:00:23.798] [DEBUG] cheese - null
[2022-11-06T23:00:23.798] [DEBUG] cheese - null
[2022-11-06T23:01:28.963] [DEBUG] cheese - login => username:1111111,password:1111111
[2022-11-06T23:01:28.963] [DEBUG] cheese - 1111111
[2022-11-06T23:01:28.964] [DEBUG] cheese - null
[2022-11-06T23:01:28.964] [DEBUG] cheese - null
[2022-11-06T23:15:47.197] [DEBUG] cheese - login => username:111111,password:111111
[2022-11-06T23:15:47.197] [DEBUG] cheese - 111111
[2022-11-06T23:15:47.200] [DEBUG] cheese - null
[2022-11-06T23:15:47.200] [DEBUG] cheese - null
[2022-11-07T10:34:57.121] [DEBUG] cheese - login => username:21111,password:111111
[2022-11-07T10:34:57.225] [DEBUG] cheese - 21111
[2022-11-07T10:34:57.260] [DEBUG] cheese - null
[2022-11-07T10:34:57.260] [DEBUG] cheese - null
[2022-11-07T10:42:52.601] [DEBUG] cheese - login => username:admin,password:123456
[2022-11-07T10:42:52.601] [DEBUG] cheese - admin
[2022-11-07T10:42:52.605] [DEBUG] cheese - null
[2022-11-07T10:42:52.605] [DEBUG] cheese - null
[2022-11-07T10:51:24.263] [DEBUG] cheese - login => username:111111,password:111111
[2022-11-07T10:51:24.264] [DEBUG] cheese - 111111
[2022-11-07T10:51:24.266] [DEBUG] cheese - null
[2022-11-07T10:51:24.266] [DEBUG] cheese - null
[2022-11-07T10:51:38.379] [DEBUG] cheese - login => username:111111,password:111111
[2022-11-07T10:51:38.380] [DEBUG] cheese - 111111
[2022-11-07T10:51:38.381] [DEBUG] cheese - null
[2022-11-07T10:51:38.381] [DEBUG] cheese - null
[2022-11-07T10:52:55.494] [DEBUG] cheese - login => username:admin,password:123456
[2022-11-07T10:52:55.494] [DEBUG] cheese - admin
[2022-11-07T10:52:55.496] [DEBUG] cheese - null
[2022-11-07T10:52:55.496] [DEBUG] cheese - null
[2022-11-07T13:00:30.385] [DEBUG] cheese - login => username:111111,password:111111
[2022-11-07T13:00:30.386] [DEBUG] cheese - 111111
[2022-11-07T13:00:30.396] [DEBUG] cheese - null
[2022-11-07T13:00:30.396] [DEBUG] cheese - null
[2022-11-07T13:00:51.614] [DEBUG] cheese - login => username:admin,password:123456
[2022-11-07T13:00:51.614] [DEBUG] cheese - admin
[2022-11-07T13:00:51.616] [DEBUG] cheese - null
[2022-11-07T13:00:51.616] [DEBUG] cheese - null
[2022-11-07T13:07:59.502] [DEBUG] cheese - login => username:admin,password:123456
[2022-11-07T13:07:59.502] [DEBUG] cheese - admin
[2022-11-07T13:07:59.506] [DEBUG] cheese - null
[2022-11-07T13:07:59.506] [DEBUG] cheese - null
[2022-11-07T13:11:02.372] [DEBUG] cheese - login => username:admin,password:123456
[2022-11-07T13:11:02.372] [DEBUG] cheese - admin
[2022-11-07T13:11:02.375] [DEBUG] cheese - null
[2022-11-07T13:11:02.375] [DEBUG] cheese - null
[2022-11-07T13:16:29.406] [DEBUG] cheese - login => username:admin,password:123456
[2022-11-07T13:16:29.406] [DEBUG] cheese - admin
[2022-11-07T13:16:29.409] [DEBUG] cheese - null
[2022-11-07T13:16:29.409] [DEBUG] cheese - null
[2022-11-07T13:19:39.995] [DEBUG] cheese - login => username:admin,password:123456
[2022-11-07T13:19:39.995] [DEBUG] cheese - admin
[2022-11-07T13:19:39.998] [DEBUG] cheese - null
[2022-11-07T13:19:39.998] [DEBUG] cheese - null
[2022-11-07T13:33:43.234] [DEBUG] cheese - login => username:admin,password:123456
[2022-11-07T13:33:43.234] [DEBUG] cheese - admin
[2022-11-07T13:33:43.237] [DEBUG] cheese - null
[2022-11-07T13:33:43.237] [DEBUG] cheese - null
[2022-11-07T14:24:46.130] [DEBUG] cheese - login => username:admin,password:123456
[2022-11-07T14:24:46.131] [DEBUG] cheese - admin
[2022-11-07T14:24:46.144] [DEBUG] cheese - null
[2022-11-07T14:24:46.144] [DEBUG] cheese - null
[2022-11-07T14:27:52.923] [DEBUG] cheese - login => username:admin,password:123456
[2022-11-07T14:27:52.923] [DEBUG] cheese - admin
[2022-11-07T14:27:52.926] [DEBUG] cheese - null
[2022-11-07T14:27:52.926] [DEBUG] cheese - null
[2022-11-07T14:29:07.307] [DEBUG] cheese - login => username:admin,password:123456
[2022-11-07T14:29:07.307] [DEBUG] cheese - admin
[2022-11-07T14:29:07.309] [DEBUG] cheese - null
[2022-11-07T14:29:07.309] [DEBUG] cheese - null
[2022-11-07T14:29:42.482] [DEBUG] cheese - login => username:admin,password:123456
[2022-11-07T14:29:42.482] [DEBUG] cheese - admin
[2022-11-07T14:29:42.486] [DEBUG] cheese - null
[2022-11-07T14:29:42.486] [DEBUG] cheese - null
[2022-11-07T14:30:03.051] [DEBUG] cheese - login => username:admin,password:123456
[2022-11-07T14:30:03.052] [DEBUG] cheese - admin
[2022-11-07T14:30:03.053] [DEBUG] cheese - null
[2022-11-07T14:30:03.054] [DEBUG] cheese - null
[2022-11-07T14:30:48.026] [DEBUG] cheese - login => username:admin,password:123456
[2022-11-07T14:30:48.026] [DEBUG] cheese - admin
[2022-11-07T14:30:48.028] [DEBUG] cheese - null
[2022-11-07T14:30:48.028] [DEBUG] cheese - null
[2022-11-07T14:34:14.701] [DEBUG] cheese - login => username:admin,password:123456
[2022-11-07T14:34:14.702] [DEBUG] cheese - admin
[2022-11-07T14:34:14.703] [DEBUG] cheese - null
[2022-11-07T14:34:14.703] [DEBUG] cheese - null
[2022-11-07T14:35:35.433] [DEBUG] cheese - login => username:admin,password:123456
[2022-11-07T14:35:35.433] [DEBUG] cheese - admin
[2022-11-07T14:35:35.435] [DEBUG] cheese - null
[2022-11-07T14:35:35.435] [DEBUG] cheese - null
[2022-11-07T15:26:43.784] [DEBUG] cheese - login => username:admin,password:123456
[2022-11-07T15:26:43.785] [DEBUG] cheese - admin
[2022-11-07T15:26:43.791] [DEBUG] cheese - null
[2022-11-07T15:26:43.791] [DEBUG] cheese - null
[2022-11-07T16:37:57.659] [DEBUG] cheese - login => username:admin,password:123456
[2022-11-07T16:37:57.662] [DEBUG] cheese - admin
[2022-11-07T16:37:57.671] [DEBUG] cheese - null
[2022-11-07T16:37:57.671] [DEBUG] cheese - null
[2022-11-07T16:58:57.036] [DEBUG] cheese - login => username:admin,password:123456
[2022-11-07T16:58:57.037] [DEBUG] cheese - admin
[2022-11-07T16:58:57.040] [DEBUG] cheese - null
[2022-11-07T16:58:57.040] [DEBUG] cheese - null
[2022-11-08T19:32:39.063] [DEBUG] cheese - login => username:admin,password:123456
[2022-11-08T19:32:39.066] [DEBUG] cheese - admin
[2022-11-08T19:32:39.103] [DEBUG] cheese - null
[2022-11-08T19:32:39.103] [DEBUG] cheese - null
[2022-11-08T19:33:34.106] [DEBUG] cheese - login => username:admin,password:123456
[2022-11-08T19:33:34.106] [DEBUG] cheese - admin
[2022-11-08T19:33:34.108] [DEBUG] cheese - null
[2022-11-08T19:33:34.109] [DEBUG] cheese - null
[2022-11-10T13:29:13.136] [DEBUG] cheese - login => username:admin,password:123456
[2022-11-10T13:29:13.154] [DEBUG] cheese - admin
[2022-11-10T13:29:13.187] [DEBUG] cheese - null
[2022-11-10T13:29:13.188] [DEBUG] cheese - null
[2022-11-10T13:29:30.701] [DEBUG] cheese - login => username:admin,password:123456
[2022-11-10T13:29:30.701] [DEBUG] cheese - admin
[2022-11-10T13:29:30.703] [DEBUG] cheese - null
[2022-11-10T13:29:30.703] [DEBUG] cheese - null
[2022-11-10T13:33:30.913] [DEBUG] cheese - login => username:admin,password:123456
[2022-11-10T13:33:30.914] [DEBUG] cheese - admin
[2022-11-10T13:33:30.919] [DEBUG] cheese - null
[2022-11-10T13:33:30.920] [DEBUG] cheese - null
[2022-11-10T13:33:45.974] [DEBUG] cheese - login => username:admin,password:123456
[2022-11-10T13:33:45.974] [DEBUG] cheese - admin
[2022-11-10T13:33:45.977] [DEBUG] cheese - null
[2022-11-10T13:33:45.977] [DEBUG] cheese - null
[2022-11-10T13:36:12.702] [DEBUG] cheese - login => username:admin,password:123456
[2022-11-10T13:36:12.702] [DEBUG] cheese - admin
[2022-11-10T13:36:12.704] [DEBUG] cheese - null
[2022-11-10T13:36:12.704] [DEBUG] cheese - null
[2022-11-10T13:36:16.777] [DEBUG] cheese - login => username:admin,password:123456
[2022-11-10T13:36:16.778] [DEBUG] cheese - admin
[2022-11-10T13:36:16.779] [DEBUG] cheese - null
[2022-11-10T13:36:16.779] [DEBUG] cheese - null
[2022-11-10T13:36:20.829] [DEBUG] cheese - login => username:admin,password:123456
[2022-11-10T13:36:20.829] [DEBUG] cheese - admin
[2022-11-10T13:36:20.831] [DEBUG] cheese - null
[2022-11-10T13:36:20.831] [DEBUG] cheese - null
[2022-11-10T13:36:25.248] [DEBUG] cheese - login => username:admin,password:123456
[2022-11-10T13:36:25.248] [DEBUG] cheese - admin
[2022-11-10T13:36:25.250] [DEBUG] cheese - null
[2022-11-10T13:36:25.250] [DEBUG] cheese - null
[2022-11-10T14:04:17.111] [DEBUG] cheese - login => username:admin,password:123456
[2022-11-10T14:04:17.111] [DEBUG] cheese - admin
[2022-11-10T14:04:17.114] [DEBUG] cheese - null
[2022-11-10T14:04:17.114] [DEBUG] cheese - null
[2022-11-10T14:04:34.221] [DEBUG] cheese - login => username:admin,password:123456
[2022-11-10T14:04:34.221] [DEBUG] cheese - admin
[2022-11-10T14:04:34.223] [DEBUG] cheese - null
[2022-11-10T14:04:34.223] [DEBUG] cheese - null
[2022-11-10T14:04:47.362] [DEBUG] cheese - login => username:admin,password:123456
[2022-11-10T14:04:47.362] [DEBUG] cheese - admin
[2022-11-10T14:04:47.364] [DEBUG] cheese - null
[2022-11-10T14:04:47.364] [DEBUG] cheese - null
[2022-11-10T19:16:24.858] [DEBUG] cheese - login => username:admin,password:123456
[2022-11-10T19:16:24.859] [DEBUG] cheese - admin
[2022-11-10T19:16:24.863] [DEBUG] cheese - null
[2022-11-10T19:16:24.863] [DEBUG] cheese - null
[2022-11-10T19:42:50.047] [DEBUG] cheese - login => username:admin,password:123456
[2022-11-10T19:42:50.050] [DEBUG] cheese - admin
[2022-11-10T19:42:50.058] [DEBUG] cheese - null
[2022-11-10T19:42:50.058] [DEBUG] cheese - null
[2022-11-10T20:00:56.549] [DEBUG] cheese - login => username:admin,password:123456
[2022-11-10T20:00:56.549] [DEBUG] cheese - admin
[2022-11-10T20:00:56.550] [DEBUG] cheese - null
[2022-11-10T20:00:56.550] [DEBUG] cheese - null
[2022-11-11T10:38:10.417] [DEBUG] cheese - login => username:admin,password:123456
[2022-11-11T10:38:10.418] [DEBUG] cheese - admin
[2022-11-11T10:38:10.478] [DEBUG] cheese - null
[2022-11-11T10:38:10.478] [DEBUG] cheese - null
[2022-11-11T13:27:50.323] [DEBUG] cheese - null
[2022-11-11T13:29:02.937] [DEBUG] cheese - null
[2022-11-11T13:29:39.297] [DEBUG] cheese - null
[2022-11-12T16:51:35.093] [DEBUG] cheese - login => username:admin,password:123456
[2022-11-12T16:51:35.110] [DEBUG] cheese - admin
[2022-11-12T16:51:35.152] [DEBUG] cheese - null
[2022-11-12T16:51:35.152] [DEBUG] cheese - null
[2022-11-13T10:02:09.540] [DEBUG] cheese - login => username:admin,password:123456
[2022-11-13T10:02:09.557] [DEBUG] cheese - admin
[2022-11-13T10:02:09.623] [DEBUG] cheese - null
[2022-11-13T10:02:09.623] [DEBUG] cheese - null
[2022-11-13T17:11:15.138] [DEBUG] cheese - login => username:admin,password:123456
[2022-11-13T17:11:15.141] [DEBUG] cheese - admin
[2022-11-13T17:11:15.144] [DEBUG] cheese - null
[2022-11-13T17:11:15.145] [DEBUG] cheese - null
[2022-11-14T11:49:01.594] [DEBUG] cheese - login => username:admin,password:123456
[2022-11-14T11:49:01.609] [DEBUG] cheese - admin
[2022-11-14T11:49:01.751] [DEBUG] cheese - null
[2022-11-14T11:49:01.752] [DEBUG] cheese - null
[2022-11-14T13:31:31.218] [DEBUG] cheese - login => username:admin,password:123456
[2022-11-14T13:31:31.220] [DEBUG] cheese - admin
[2022-11-14T13:31:31.224] [DEBUG] cheese - null
[2022-11-14T13:31:31.224] [DEBUG] cheese - null
[2022-11-14T20:55:27.965] [DEBUG] cheese - null
[2022-11-14T21:10:12.698] [DEBUG] cheese - login => username:admin,password:123456
[2022-11-14T21:10:12.699] [DEBUG] cheese - admin
[2022-11-14T21:10:12.709] [DEBUG] cheese - null
[2022-11-14T21:10:12.709] [DEBUG] cheese - null
[2022-11-14T21:11:29.747] [DEBUG] cheese - null
[2022-11-14T21:15:02.029] [DEBUG] cheese - null
[2022-11-14T21:32:06.804] [DEBUG] cheese - null
[2022-11-14T22:58:05.443] [DEBUG] cheese - login => username:admin,password:123456
[2022-11-14T22:58:05.460] [DEBUG] cheese - admin
[2022-11-14T22:58:05.484] [DEBUG] cheese - null
[2022-11-14T22:58:05.485] [DEBUG] cheese - null
[2022-11-14T22:58:05.744] [DEBUG] cheese - login => username:admin,password:123456
[2022-11-14T22:58:05.744] [DEBUG] cheese - admin
[2022-11-14T22:58:05.748] [DEBUG] cheese - null
[2022-11-14T22:58:05.748] [DEBUG] cheese - null
